1657577445700	geckodriver	INFO	Listening on 127.0.0.1:38121
1657577446131	mozrunner::runner	INFO	Running command: "/usr/bin/firefox" "--marionette" "--remote-debugging-port" "34261" "--remote-allow-hosts" "localhost" "-no-remote" "-profile" "/tmp/rust_mozprofileeji580"
ATTENTION: default value of option mesa_glthread overridden by environment.
1657577450620	Marionette	INFO	Marionette enabled
1657577450627	Marionette	INFO	Listening on port 38579
WebDriver BiDi listening on ws://localhost:34261
Read port: 38579
1657577451795	RemoteAgent	WARN	TLS certificate errors will be ignored for this session
console.warn: SearchSettings: "get: No settings file exists, new profile?" (new NotFoundError("Could not open the file at /tmp/rust_mozprofileeji580/search.json.mozlz4", (void 0)))
DevTools listening on ws://localhost:34261/devtools/browser/d93fea00-a0d4-48e0-818a-1d78b956a1f4
ATTENTION: default value of option mesa_glthread overridden by environment.
JavaScript warning: https://static-exp2.licdn.com/sc/h/5x551rv91h1545imm4yjueanc, line 1: WEBGL_debug_renderer_info is deprecated in Firefox and will be removed. Please use RENDERER.
JavaScript warning: https://static-exp2.licdn.com/sc/h/5x551rv91h1545imm4yjueanc, line 1: WEBGL_debug_renderer_info is deprecated in Firefox and will be removed. Please use RENDERER.
1657577476021	Marionette	INFO	Stopped listening on port 38579
console.warn: TopSitesFeed: Failed to fetch data from Contile server: NetworkError when attempting to fetch resource.
1657577994625	geckodriver	INFO	Listening on 127.0.0.1:50065
1657577995134	mozrunner::runner	INFO	Running command: "/usr/bin/firefox" "--marionette" "--remote-debugging-port" "37183" "--remote-allow-hosts" "localhost" "-no-remote" "-profile" "/tmp/rust_mozprofileTloCCO"
ATTENTION: default value of option mesa_glthread overridden by environment.
1657577996962	Marionette	INFO	Marionette enabled
1657577996969	Marionette	INFO	Listening on port 41597
WebDriver BiDi listening on ws://localhost:37183
Read port: 41597
1657577997751	RemoteAgent	WARN	TLS certificate errors will be ignored for this session
console.warn: SearchSettings: "get: No settings file exists, new profile?" (new NotFoundError("Could not open the file at /tmp/rust_mozprofileTloCCO/search.json.mozlz4", (void 0)))
DevTools listening on ws://localhost:37183/devtools/browser/613aba41-ddd0-4e6e-b991-67cb3813337e
ATTENTION: default value of option mesa_glthread overridden by environment.
JavaScript warning: https://static-exp1.licdn.com/sc/h/5x551rv91h1545imm4yjueanc, line 1: WEBGL_debug_renderer_info is deprecated in Firefox and will be removed. Please use RENDERER.
JavaScript warning: https://static-exp1.licdn.com/sc/h/5x551rv91h1545imm4yjueanc, line 1: WEBGL_debug_renderer_info is deprecated in Firefox and will be removed. Please use RENDERER.
console.warn: LoginRecipes: "getRecipes: falling back to a synchronous message for:" "https://www.linkedin.com"
console.warn: LoginRecipes: "getRecipes: falling back to a synchronous message for:" "https://www.linkedin.com"
JavaScript error: resource://gre/modules/LoginManagerParent.jsm, line 136: TypeError: gRecipeManager is null
ATTENTION: default value of option mesa_glthread overridden by environment.
JavaScript warning: https://static-exp1.licdn.com/sc/h/5x551rv91h1545imm4yjueanc, line 1: WEBGL_debug_renderer_info is deprecated in Firefox and will be removed. Please use RENDERER.
JavaScript warning: https://static-exp1.licdn.com/sc/h/5x551rv91h1545imm4yjueanc, line 1: WEBGL_debug_renderer_info is deprecated in Firefox and will be removed. Please use RENDERER.
1657578024764	Marionette	INFO	Stopped listening on port 41597
console.warn: TopSitesFeed: Failed to fetch data from Contile server: NetworkError when attempting to fetch resource.
